<?xml version="1.0" encoding="utf-8"?><testsuites name="pytest tests"><testsuite name="pytest" errors="0" failures="5" skipped="0" tests="17" time="6.956" timestamp="2026-04-23T00:37:45.851397+00:00" hostname="agent-env-422d8081-89e4-43fe-bd52-1ce8abf6549e"><testcase classname="backend.tests.test_sucursal_crud.TestAuth" name="test_login_success" time="0.672" /><testcase classname="backend.tests.test_sucursal_crud.TestAuth" name="test_login_invalid" time="0.499" /><testcase classname="backend.tests.test_sucursal_crud.TestAuth" name="test_me" time="0.298" /><testcase classname="backend.tests.test_sucursal_crud.TestReadEndpoints" name="test_get_control" time="0.390" /><testcase classname="backend.tests.test_sucursal_crud.TestReadEndpoints" name="test_get_stats" time="0.372" /><testcase classname="backend.tests.test_sucursal_crud.TestReadEndpoints" name="test_status_all" time="0.355" /><testcase classname="backend.tests.test_sucursal_crud.TestReadEndpoints" name="test_status_stats" time="0.413" /><testcase classname="backend.tests.test_sucursal_crud.TestSucursalCRUD" name="test_01_create_sucursal" time="0.416"><failure message="AssertionError: create failed: 500 Internal Server Error&#10;assert 500 == 200&#10; +  where 500 = &lt;Response [500]&gt;.status_code">backend/tests/test_sucursal_crud.py:122: in test_01_create_sucursal
    assert r.status_code == 200, f"create failed: {r.status_code} {r.text}"
E   AssertionError: create failed: 500 Internal Server Error
E   assert 500 == 200
E    +  where 500 = &lt;Response [500]&gt;.status_code</failure></testcase><testcase classname="backend.tests.test_sucursal_crud.TestSucursalCRUD" name="test_02_get_created_sucursal" time="0.000"><failure message="assert None is not None&#10; +  where None = TestSucursalCRUD.created_id">backend/tests/test_sucursal_crud.py:131: in test_02_get_created_sucursal
    assert TestSucursalCRUD.created_id is not None
E   assert None is not None
E    +  where None = TestSucursalCRUD.created_id</failure></testcase><testcase classname="backend.tests.test_sucursal_crud.TestSucursalCRUD" name="test_03_create_duplicate_serie_returns_400" time="0.375"><failure message="assert 500 == 400&#10; +  where 500 = &lt;Response [500]&gt;.status_code">backend/tests/test_sucursal_crud.py:146: in test_03_create_duplicate_serie_returns_400
    assert r.status_code == 400
E   assert 500 == 400
E    +  where 500 = &lt;Response [500]&gt;.status_code</failure></testcase><testcase classname="backend.tests.test_sucursal_crud.TestSucursalCRUD" name="test_04_create_requires_admin" time="1.345" /><testcase classname="backend.tests.test_sucursal_crud.TestSucursalCRUD" name="test_05_update_sucursal" time="0.001"><failure message="assert None is not None&#10; +  where None = TestSucursalCRUD.created_id">backend/tests/test_sucursal_crud.py:155: in test_05_update_sucursal
    assert TestSucursalCRUD.created_id is not None
E   assert None is not None
E    +  where None = TestSucursalCRUD.created_id</failure></testcase><testcase classname="backend.tests.test_sucursal_crud.TestSucursalCRUD" name="test_06_update_requires_admin" time="0.265" /><testcase classname="backend.tests.test_sucursal_crud.TestSucursalCRUD" name="test_07_delete_sucursal" time="0.000"><failure message="assert None is not None&#10; +  where None = TestSucursalCRUD.created_id">backend/tests/test_sucursal_crud.py:175: in test_07_delete_sucursal
    assert TestSucursalCRUD.created_id is not None
E   assert None is not None
E    +  where None = TestSucursalCRUD.created_id</failure></testcase><testcase classname="backend.tests.test_sucursal_crud.TestSucursalCRUD" name="test_08_delete_nonexistent_404" time="0.385" /><testcase classname="backend.tests.test_sucursal_crud.TestUserRegression" name="test_get_users_admin" time="0.345" /><testcase classname="backend.tests.test_sucursal_crud.TestUserRegression" name="test_get_users_non_admin_forbidden" time="0.542" /></testsuite></testsuites>