<?xml version="1.0" encoding="utf-8"?><testsuites name="pytest tests"><testsuite name="pytest" errors="0" failures="0" skipped="0" tests="21" time="10.249" timestamp="2026-04-23T00:47:04.386282+00:00" hostname="agent-env-422d8081-89e4-43fe-bd52-1ce8abf6549e"><testcase classname="backend.tests.test_sucursal_crud.TestAuth" name="test_login_success" time="0.540" /><testcase classname="backend.tests.test_sucursal_crud.TestAuth" name="test_login_invalid" time="0.432" /><testcase classname="backend.tests.test_sucursal_crud.TestAuth" name="test_me" time="0.238" /><testcase classname="backend.tests.test_sucursal_crud.TestReadEndpoints" name="test_get_control" time="0.391" /><testcase classname="backend.tests.test_sucursal_crud.TestReadEndpoints" name="test_get_stats" time="0.333" /><testcase classname="backend.tests.test_sucursal_crud.TestReadEndpoints" name="test_status_all" time="0.357" /><testcase classname="backend.tests.test_sucursal_crud.TestReadEndpoints" name="test_status_stats" time="0.335" /><testcase classname="backend.tests.test_sucursal_crud.TestSucursalCRUD" name="test_01_create_sucursal" time="0.467" /><testcase classname="backend.tests.test_sucursal_crud.TestSucursalCRUD" name="test_02_get_created_sucursal" time="0.372" /><testcase classname="backend.tests.test_sucursal_crud.TestSucursalCRUD" name="test_03_create_duplicate_serie_returns_400" time="0.305" /><testcase classname="backend.tests.test_sucursal_crud.TestSucursalCRUD" name="test_04_create_requires_admin" time="1.299" /><testcase classname="backend.tests.test_sucursal_crud.TestSucursalCRUD" name="test_05_update_sucursal" time="0.676" /><testcase classname="backend.tests.test_sucursal_crud.TestSucursalCRUD" name="test_06_update_requires_admin" time="0.205" /><testcase classname="backend.tests.test_sucursal_crud.TestSucursalCRUD" name="test_07_delete_sucursal" time="0.668" /><testcase classname="backend.tests.test_sucursal_crud.TestSucursalCRUD" name="test_08_delete_nonexistent_404" time="0.317" /><testcase classname="backend.tests.test_sucursal_crud.TestSucursalCodVerifAndEmptyStrings" name="test_09_create_with_cod_verif_numeric_string" time="0.693" /><testcase classname="backend.tests.test_sucursal_crud.TestSucursalCodVerifAndEmptyStrings" name="test_10_create_with_empty_optional_strings" time="0.369" /><testcase classname="backend.tests.test_sucursal_crud.TestSucursalCodVerifAndEmptyStrings" name="test_11_update_with_cod_verif_numeric_string" time="0.647" /><testcase classname="backend.tests.test_sucursal_crud.TestSucursalCodVerifAndEmptyStrings" name="test_12_cleanup_codverif_rows" time="0.644" /><testcase classname="backend.tests.test_sucursal_crud.TestUserRegression" name="test_get_users_admin" time="0.335" /><testcase classname="backend.tests.test_sucursal_crud.TestUserRegression" name="test_get_users_non_admin_forbidden" time="0.549" /></testsuite></testsuites>